<?xml version="1.0" encoding="UTF-8"?>
<!-- Generated by org.testng.reporters.JUnitXMLReporter -->
<testsuite hostname="WKS23" ignored="0" name="optelitestngtest" tests="1" failures="0" timestamp="02 Jan 2019 11:32:34 GMT" time="0.062" errors="0">
  <testcase name="@BeforeClass setUp" time="0.016" classname="com.test.Megneil.opteli.testScripts.BaseClass">
    <failure type="java.lang.NullPointerException">
      <![CDATA[java.lang.NullPointerException
at com.test.Megneil.opteli.testScripts.BaseClass.setUp(BaseClass.java:39)
... Removed 26 stack frames]]>
    </failure>
  </testcase> <!-- @BeforeClass setUp -->
  <testcase name="@AfterClass tearDown" time="0.0" classname="com.test.Megneil.opteli.testScripts.BaseClass">
    <skipped/>
  </testcase> <!-- @AfterClass tearDown -->
  <testcase name="testAppointmentReport" time="0.0" classname="com.test.Megneil.opteli.testScripts.appointmentReport">
    <skipped/>
  </testcase> <!-- testAppointmentReport -->
</testsuite> <!-- optelitestngtest -->
