<?xml version="1.0" encoding="UTF-8"?>
<testng-results skipped="0" failed="0" ignored="0" total="1" passed="1">
  <reporter-output>
  </reporter-output>
  <suite name="Default suite" duration-ms="45372" started-at="2018-12-31T13:34:06Z" finished-at="2018-12-31T13:34:51Z">
    <groups>
    </groups>
    <test name="Default test" duration-ms="45372" started-at="2018-12-31T13:34:06Z" finished-at="2018-12-31T13:34:51Z">
      <class name="com.test.Megneil.opteli.appointmentReport">
        <test-method status="PASS" signature="setUp()[pri:0, instance:com.test.Megneil.opteli.appointmentReport@4dfa3a9d]" name="setUp" is-config="true" duration-ms="23121" started-at="2018-12-31T13:34:06Z" finished-at="2018-12-31T13:34:29Z">
          <reporter-output>
          </reporter-output>
        </test-method> <!-- setUp -->
        <test-method status="PASS" signature="testAppointmentReport()[pri:0, instance:com.test.Megneil.opteli.appointmentReport@4dfa3a9d]" name="testAppointmentReport" duration-ms="22221" started-at="2018-12-31T13:34:29Z" finished-at="2018-12-31T13:34:51Z">
          <reporter-output>
          </reporter-output>
        </test-method> <!-- testAppointmentReport -->
      </class> <!-- com.test.Megneil.opteli.appointmentReport -->
    </test> <!-- Default test -->
  </suite> <!-- Default suite -->
</testng-results>
